#0 building with "desktop-linux" instance using docker driver

#1 [internal] load build definition from Dockerfile
#1 transferring dockerfile: 1.12kB done
#1 DONE 0.0s

#2 [internal] load metadata for docker.io/library/node:20-alpine
#2 DONE 0.6s

#3 [internal] load .dockerignore
#3 transferring context: 275B done
#3 DONE 0.0s

#4 [builder 2/6] WORKDIR /app
#4 CACHED

#5 [builder 1/6] FROM docker.io/library/node:20-alpine@sha256:09e2b3d9726018aecf269bd35325f46bf75046a643a66d28360ec71132750ec8
#5 resolve docker.io/library/node:20-alpine@sha256:09e2b3d9726018aecf269bd35325f46bf75046a643a66d28360ec71132750ec8 0.0s done
#5 CACHED

#6 [internal] load build context
#6 transferring context: 101.71kB 0.1s done
#6 DONE 0.1s

#7 [builder 3/6] COPY package*.json ./
#7 DONE 0.0s

#8 [stage-1 2/5] RUN apk add --no-cache dumb-init
#8 1.357 (1/1) Installing dumb-init (1.2.5-r3)
#8 1.386 Executing busybox-1.37.0-r30.trigger
#8 1.443 OK: 10.9 MiB in 19 packages
#8 DONE 1.5s

#9 [builder 4/6] RUN npm ci --only=production
#9 1.032 npm warn config only Use `--omit=dev` to omit dev dependencies from the install.
#9 ...

#10 [stage-1 3/5] RUN addgroup -g 1001 -S nodejs &&     adduser -S nodejs -u 1001
#10 DONE 0.2s

#11 [stage-1 4/5] WORKDIR /app
#11 DONE 0.0s

#9 [builder 4/6] RUN npm ci --only=production
#9 2.767 npm warn ERESOLVE overriding peer dependency
#9 2.768 npm warn While resolving: @opentelemetry/sdk-metrics@2.1.0
#9 2.768 npm warn Found: @opentelemetry/api@1.4.1
#9 2.768 npm warn node_modules/@opentelemetry/api
#9 2.768 npm warn   @opentelemetry/api@"^1.0.0" from @opentelemetry/api-logs@0.41.2
#9 2.768 npm warn   node_modules/@opentelemetry/api-logs
#9 2.768 npm warn     @opentelemetry/api-logs@"0.41.2" from @opentelemetry/otlp-transformer@0.41.2
#9 2.768 npm warn     node_modules/@opentelemetry/otlp-transformer
#9 2.768 npm warn     1 more (@opentelemetry/sdk-logs)
#9 2.768 npm warn   55 more (@opentelemetry/context-async-hooks, ...)
#9 2.768 npm warn
#9 2.768 npm warn Could not resolve dependency:
#9 2.768 npm warn peer @opentelemetry/api@">=1.9.0 <1.10.0" from @opentelemetry/sdk-metrics@2.1.0
#9 2.768 npm warn node_modules/@opentelemetry/exporter-metrics-otlp-proto/node_modules/@opentelemetry/sdk-metrics
#9 2.768 npm warn   @opentelemetry/sdk-metrics@"2.1.0" from @opentelemetry/exporter-metrics-otlp-proto@0.205.0
#9 2.768 npm warn   node_modules/@opentelemetry/exporter-metrics-otlp-proto
#9 2.768 npm warn   2 more (@opentelemetry/exporter-metrics-otlp-http, @opentelemetry/otlp-transformer)
#9 2.768 npm warn
#9 2.768 npm warn Conflicting peer dependency: @opentelemetry/api@1.9.0
#9 2.768 npm warn node_modules/@opentelemetry/api
#9 2.768 npm warn   peer @opentelemetry/api@">=1.9.0 <1.10.0" from @opentelemetry/sdk-metrics@2.1.0
#9 2.768 npm warn   node_modules/@opentelemetry/exporter-metrics-otlp-proto/node_modules/@opentelemetry/sdk-metrics
#9 2.768 npm warn     @opentelemetry/sdk-metrics@"2.1.0" from @opentelemetry/exporter-metrics-otlp-proto@0.205.0
#9 2.768 npm warn     node_modules/@opentelemetry/exporter-metrics-otlp-proto
#9 2.768 npm warn     2 more (@opentelemetry/exporter-metrics-otlp-http, @opentelemetry/otlp-transformer)
#9 2.785 npm warn ERESOLVE overriding peer dependency
#9 2.785 npm warn While resolving: @opentelemetry/sdk-metrics@2.1.0
#9 2.785 npm warn Found: @opentelemetry/api@1.4.1
#9 2.785 npm warn node_modules/@opentelemetry/api
#9 2.785 npm warn   @opentelemetry/api@"^1.0.0" from @opentelemetry/api-logs@0.41.2
#9 2.785 npm warn   node_modules/@opentelemetry/api-logs
#9 2.785 npm warn     @opentelemetry/api-logs@"0.41.2" from @opentelemetry/otlp-transformer@0.41.2
#9 2.785 npm warn     node_modules/@opentelemetry/otlp-transformer
#9 2.785 npm warn     1 more (@opentelemetry/sdk-logs)
#9 2.785 npm warn   55 more (@opentelemetry/context-async-hooks, ...)
#9 2.785 npm warn
#9 2.785 npm warn Could not resolve dependency:
#9 2.785 npm warn peer @opentelemetry/api@">=1.9.0 <1.10.0" from @opentelemetry/sdk-metrics@2.1.0
#9 2.785 npm warn node_modules/@opentelemetry/exporter-trace-otlp-proto/node_modules/@opentelemetry/otlp-transformer/node_modules/@opentelemetry/sdk-metrics
#9 2.785 npm warn   @opentelemetry/sdk-metrics@"2.1.0" from @opentelemetry/otlp-transformer@0.205.0
#9 2.785 npm warn   node_modules/@opentelemetry/exporter-trace-otlp-proto/node_modules/@opentelemetry/otlp-transformer
#9 2.785 npm warn
#9 2.785 npm warn Conflicting peer dependency: @opentelemetry/api@1.9.0
#9 2.785 npm warn node_modules/@opentelemetry/api
#9 2.785 npm warn   peer @opentelemetry/api@">=1.9.0 <1.10.0" from @opentelemetry/sdk-metrics@2.1.0
#9 2.785 npm warn   node_modules/@opentelemetry/exporter-trace-otlp-proto/node_modules/@opentelemetry/otlp-transformer/node_modules/@opentelemetry/sdk-metrics
#9 2.785 npm warn     @opentelemetry/sdk-metrics@"2.1.0" from @opentelemetry/otlp-transformer@0.205.0
#9 2.785 npm warn     node_modules/@opentelemetry/exporter-trace-otlp-proto/node_modules/@opentelemetry/otlp-transformer
#9 2.791 npm warn EBADENGINE Unsupported engine {
#9 2.791 npm warn EBADENGINE   package: 'artillery@2.0.30',
#9 2.791 npm warn EBADENGINE   required: { node: '>= 22.13.0' },
#9 2.791 npm warn EBADENGINE   current: { node: 'v20.20.0', npm: '10.8.2' }
#9 2.791 npm warn EBADENGINE }
#9 4.089 npm warn deprecated xss-clean@0.1.4: Package no longer supported. Contact Support at https://www.npmjs.com/support for more info.
#9 7.927 
#9 7.927 added 237 packages, and audited 238 packages in 7s
#9 7.927 
#9 7.927 32 packages are looking for funding
#9 7.927   run `npm fund` for details
#9 7.937 
#9 7.937 2 vulnerabilities (1 moderate, 1 high)
#9 7.937 
#9 7.937 To address all issues possible (including breaking changes), run:
#9 7.937   npm audit fix --force
#9 7.937 
#9 7.937 Some issues need review, and may require choosing
#9 7.937 a different dependency.
#9 7.937 
#9 7.937 Run `npm audit` for details.
#9 7.940 npm notice
#9 7.940 npm notice New major version of npm available! 10.8.2 -> 11.10.0
#9 7.940 npm notice Changelog: https://github.com/npm/cli/releases/tag/v11.10.0
#9 7.940 npm notice To update run: npm install -g npm@11.10.0
#9 7.940 npm notice
#9 DONE 8.4s

#12 [builder 5/6] COPY . .
#12 DONE 0.3s

#13 [builder 6/6] RUN rm -rf client/ tests/ .git/ .github/ docker-compose.yml
#13 DONE 0.1s

#14 [stage-1 5/5] COPY --from=builder --chown=nodejs:nodejs /app ./
#14 DONE 1.0s

#15 exporting to image
#15 exporting layers
#15 exporting layers 1.9s done
#15 exporting manifest sha256:db16e8c1a56778feb1fe177979d4eb6a477b303b5a748d4adcea2d3b045882f3
#15 exporting manifest sha256:db16e8c1a56778feb1fe177979d4eb6a477b303b5a748d4adcea2d3b045882f3 done
#15 exporting config sha256:c001aa8380fafc5998ee0c32bebe8d90b7be8c8a5c54a3d8d5f9b1e870443434 done
#15 exporting attestation manifest sha256:48a61eaadc3f4feade8871cf77d68ac33fb4df997c1d32614f71546a19b4c6fd done
#15 exporting manifest list sha256:82cec8269125c9023ddc145faf1ac8813b3713e59788bbe99e94594191a49c11 done
#15 naming to fineguardacr75907.azurecr.io/backend:latest done
#15 DONE 1.9s

View build details: docker-desktop://dashboard/build/desktop-linux/desktop-linux/8rj7ls36joxi3ng799qobvcge
